<testsuites id="" name="" tests="40" failures="38" skipped="0" errors="0" time="252.82784399999997">
<testsuite name="auth.spec.ts" timestamp="2025-08-29T19:10:43.273Z" hostname="chromium" tests="10" failures="10" skipped="0" time="279.617" errors="0">
<testcase name="Autenticação › deve exibir botão de login quando usuário não está logado" classname="auth.spec.ts" time="7.772">
<failure message="auth.spec.ts:10:3 deve exibir botão de login quando usuário não está logado" type="FAILURE">
<![CDATA[  [chromium] › auth.spec.ts:10:3 › Autenticação › deve exibir botão de login quando usuário não está logado 

    Error: expect(locator).toBeVisible() failed

    Locator:  locator('[data-testid="login-button"]')
    Expected: visible
    Received: <element(s) not found>
    Timeout:  5000ms

    Call log:
      - Expect "toBeVisible" with timeout 5000ms
      - waiting for locator('[data-testid="login-button"]')


       9 |
      10 |   test('deve exibir botão de login quando usuário não está logado', async ({ page }) => {
    > 11 |     await expect(page.locator('[data-testid="login-button"]')).toBeVisible();
         |                                                                ^
      12 |     await expect(page.locator('[data-testid="user-menu"]')).not.toBeVisible();
      13 |   });
      14 |
        at /Users/dwerner/Repos/bartezen/amplicalcados/tests/e2e/auth.spec.ts:11:64

    attachment #1: screenshot (image/png) ──────────────────────────────────────────────────────────
    ../../test-results/auth-Autenticação-deve-exi-52b37-ndo-usuário-não-está-logado-chromium/test-failed-1.png
    ────────────────────────────────────────────────────────────────────────────────────────────────

    attachment #2: video (video/webm) ──────────────────────────────────────────────────────────────
    ../../test-results/auth-Autenticação-deve-exi-52b37-ndo-usuário-não-está-logado-chromium/video.webm
    ────────────────────────────────────────────────────────────────────────────────────────────────

    Error Context: ../../test-results/auth-Autenticação-deve-exi-52b37-ndo-usuário-não-está-logado-chromium/error-context.md
]]>
</failure>
<system-out>
<![CDATA[
[[ATTACHMENT|auth-Autenticação-deve-exi-52b37-ndo-usuário-não-está-logado-chromium/test-failed-1.png]]

[[ATTACHMENT|auth-Autenticação-deve-exi-52b37-ndo-usuário-não-está-logado-chromium/video.webm]]

[[ATTACHMENT|auth-Autenticação-deve-exi-52b37-ndo-usuário-não-está-logado-chromium/error-context.md]]
]]>
</system-out>
</testcase>
<testcase name="Autenticação › deve abrir modal de login ao clicar no botão" classname="auth.spec.ts" time="30.139">
<failure message="auth.spec.ts:15:3 deve abrir modal de login ao clicar no botão" type="FAILURE">
<![CDATA[  [chromium] › auth.spec.ts:15:3 › Autenticação › deve abrir modal de login ao clicar no botão ─────

    Test timeout of 30000ms exceeded.

    Error: page.click: Test timeout of 30000ms exceeded.
    Call log:
      - waiting for locator('[data-testid="login-button"]')


      14 |
      15 |   test('deve abrir modal de login ao clicar no botão', async ({ page }) => {
    > 16 |     await page.click('[data-testid="login-button"]');
         |                ^
      17 |     
      18 |     await expect(page.locator('[data-testid="auth-form"]')).toBeVisible();
      19 |     await expect(page.locator('[data-testid="email-input"]')).toBeVisible();
        at /Users/dwerner/Repos/bartezen/amplicalcados/tests/e2e/auth.spec.ts:16:16

    attachment #1: screenshot (image/png) ──────────────────────────────────────────────────────────
    ../../test-results/auth-Autenticação-deve-abr-bd0c3-de-login-ao-clicar-no-botão-chromium/test-failed-1.png
    ────────────────────────────────────────────────────────────────────────────────────────────────

    attachment #2: video (video/webm) ──────────────────────────────────────────────────────────────
    ../../test-results/auth-Autenticação-deve-abr-bd0c3-de-login-ao-clicar-no-botão-chromium/video.webm
    ────────────────────────────────────────────────────────────────────────────────────────────────

    Error Context: ../../test-results/auth-Autenticação-deve-abr-bd0c3-de-login-ao-clicar-no-botão-chromium/error-context.md
]]>
</failure>
<system-out>
<![CDATA[
[[ATTACHMENT|auth-Autenticação-deve-abr-bd0c3-de-login-ao-clicar-no-botão-chromium/test-failed-1.png]]

[[ATTACHMENT|auth-Autenticação-deve-abr-bd0c3-de-login-ao-clicar-no-botão-chromium/video.webm]]

[[ATTACHMENT|auth-Autenticação-deve-abr-bd0c3-de-login-ao-clicar-no-botão-chromium/error-context.md]]
]]>
</system-out>
</testcase>
<testcase name="Autenticação › deve alternar entre login e registro" classname="auth.spec.ts" time="30.183">
<failure message="auth.spec.ts:24:3 deve alternar entre login e registro" type="FAILURE">
<![CDATA[  [chromium] › auth.spec.ts:24:3 › Autenticação › deve alternar entre login e registro ─────────────

    Test timeout of 30000ms exceeded.

    Error: page.click: Test timeout of 30000ms exceeded.
    Call log:
      - waiting for locator('[data-testid="login-button"]')


      23 |
      24 |   test('deve alternar entre login e registro', async ({ page }) => {
    > 25 |     await page.click('[data-testid="login-button"]');
         |                ^
      26 |     
      27 |     // Inicialmente em modo de login
      28 |     await expect(page.locator('h2')).toHaveText('Entrar');
        at /Users/dwerner/Repos/bartezen/amplicalcados/tests/e2e/auth.spec.ts:25:16

    attachment #1: screenshot (image/png) ──────────────────────────────────────────────────────────
    ../../test-results/auth-Autenticação-deve-alternar-entre-login-e-registro-chromium/test-failed-1.png
    ────────────────────────────────────────────────────────────────────────────────────────────────

    attachment #2: video (video/webm) ──────────────────────────────────────────────────────────────
    ../../test-results/auth-Autenticação-deve-alternar-entre-login-e-registro-chromium/video.webm
    ────────────────────────────────────────────────────────────────────────────────────────────────

    Error Context: ../../test-results/auth-Autenticação-deve-alternar-entre-login-e-registro-chromium/error-context.md
]]>
</failure>
<system-out>
<![CDATA[
[[ATTACHMENT|auth-Autenticação-deve-alternar-entre-login-e-registro-chromium/test-failed-1.png]]

[[ATTACHMENT|auth-Autenticação-deve-alternar-entre-login-e-registro-chromium/video.webm]]

[[ATTACHMENT|auth-Autenticação-deve-alternar-entre-login-e-registro-chromium/error-context.md]]
]]>
</system-out>
</testcase>
<testcase name="Autenticação › deve exibir botão &quot;Esqueci minha senha&quot; apenas no modo login" classname="auth.spec.ts" time="30.158">
<failure message="auth.spec.ts:41:3 deve exibir botão &quot;Esqueci minha senha&quot; apenas no modo login" type="FAILURE">
<![CDATA[  [chromium] › auth.spec.ts:41:3 › Autenticação › deve exibir botão "Esqueci minha senha" apenas no modo login 

    Test timeout of 30000ms exceeded.

    Error: page.click: Test timeout of 30000ms exceeded.
    Call log:
      - waiting for locator('[data-testid="login-button"]')


      40 |
      41 |   test('deve exibir botão "Esqueci minha senha" apenas no modo login', async ({ page }) => {
    > 42 |     await page.click('[data-testid="login-button"]');
         |                ^
      43 |     
      44 |     // Em modo de login
      45 |     await expect(page.locator('[data-testid="forgot-password-button"]')).toBeVisible();
        at /Users/dwerner/Repos/bartezen/amplicalcados/tests/e2e/auth.spec.ts:42:16

    attachment #1: screenshot (image/png) ──────────────────────────────────────────────────────────
    ../../test-results/auth-Autenticação-deve-exi-e31a9--senha-apenas-no-modo-login-chromium/test-failed-1.png
    ────────────────────────────────────────────────────────────────────────────────────────────────

    attachment #2: video (video/webm) ──────────────────────────────────────────────────────────────
    ../../test-results/auth-Autenticação-deve-exi-e31a9--senha-apenas-no-modo-login-chromium/video.webm
    ────────────────────────────────────────────────────────────────────────────────────────────────

    Error Context: ../../test-results/auth-Autenticação-deve-exi-e31a9--senha-apenas-no-modo-login-chromium/error-context.md
]]>
</failure>
<system-out>
<![CDATA[
[[ATTACHMENT|auth-Autenticação-deve-exi-e31a9--senha-apenas-no-modo-login-chromium/test-failed-1.png]]

[[ATTACHMENT|auth-Autenticação-deve-exi-e31a9--senha-apenas-no-modo-login-chromium/video.webm]]

[[ATTACHMENT|auth-Autenticação-deve-exi-e31a9--senha-apenas-no-modo-login-chromium/error-context.md]]
]]>
</system-out>
</testcase>
<testcase name="Autenticação › deve validar campos obrigatórios no login" classname="auth.spec.ts" time="30.327">
<failure message="auth.spec.ts:52:3 deve validar campos obrigatórios no login" type="FAILURE">
<![CDATA[  [chromium] › auth.spec.ts:52:3 › Autenticação › deve validar campos obrigatórios no login ────────

    Test timeout of 30000ms exceeded.

    Error: page.click: Test timeout of 30000ms exceeded.
    Call log:
      - waiting for locator('[data-testid="login-button"]')


      51 |
      52 |   test('deve validar campos obrigatórios no login', async ({ page }) => {
    > 53 |     await page.click('[data-testid="login-button"]');
         |                ^
      54 |     
      55 |     // Tentar submeter sem preencher
      56 |     await page.click('[data-testid="submit-button"]');
        at /Users/dwerner/Repos/bartezen/amplicalcados/tests/e2e/auth.spec.ts:53:16

    attachment #1: screenshot (image/png) ──────────────────────────────────────────────────────────
    ../../test-results/auth-Autenticação-deve-validar-campos-obrigatórios-no-login-chromium/test-failed-1.png
    ────────────────────────────────────────────────────────────────────────────────────────────────

    attachment #2: video (video/webm) ──────────────────────────────────────────────────────────────
    ../../test-results/auth-Autenticação-deve-validar-campos-obrigatórios-no-login-chromium/video.webm
    ────────────────────────────────────────────────────────────────────────────────────────────────

    Error Context: ../../test-results/auth-Autenticação-deve-validar-campos-obrigatórios-no-login-chromium/error-context.md
]]>
</failure>
<system-out>
<![CDATA[
[[ATTACHMENT|auth-Autenticação-deve-validar-campos-obrigatórios-no-login-chromium/test-failed-1.png]]

[[ATTACHMENT|auth-Autenticação-deve-validar-campos-obrigatórios-no-login-chromium/video.webm]]

[[ATTACHMENT|auth-Autenticação-deve-validar-campos-obrigatórios-no-login-chromium/error-context.md]]
]]>
</system-out>
</testcase>
<testcase name="Autenticação › deve validar campos obrigatórios no registro" classname="auth.spec.ts" time="30.189">
<failure message="auth.spec.ts:66:3 deve validar campos obrigatórios no registro" type="FAILURE">
<![CDATA[  [chromium] › auth.spec.ts:66:3 › Autenticação › deve validar campos obrigatórios no registro ─────

    Test timeout of 30000ms exceeded.

    Error: page.click: Test timeout of 30000ms exceeded.
    Call log:
      - waiting for locator('[data-testid="login-button"]')


      65 |
      66 |   test('deve validar campos obrigatórios no registro', async ({ page }) => {
    > 67 |     await page.click('[data-testid="login-button"]');
         |                ^
      68 |     await page.click('[data-testid="toggle-mode-button"]');
      69 |     
      70 |     // Tentar submeter sem preencher
        at /Users/dwerner/Repos/bartezen/amplicalcados/tests/e2e/auth.spec.ts:67:16

    attachment #1: screenshot (image/png) ──────────────────────────────────────────────────────────
    ../../test-results/auth-Autenticação-deve-val-19213-os-obrigatórios-no-registro-chromium/test-failed-1.png
    ────────────────────────────────────────────────────────────────────────────────────────────────

    attachment #2: video (video/webm) ──────────────────────────────────────────────────────────────
    ../../test-results/auth-Autenticação-deve-val-19213-os-obrigatórios-no-registro-chromium/video.webm
    ────────────────────────────────────────────────────────────────────────────────────────────────

    Error Context: ../../test-results/auth-Autenticação-deve-val-19213-os-obrigatórios-no-registro-chromium/error-context.md
]]>
</failure>
<system-out>
<![CDATA[
[[ATTACHMENT|auth-Autenticação-deve-val-19213-os-obrigatórios-no-registro-chromium/test-failed-1.png]]

[[ATTACHMENT|auth-Autenticação-deve-val-19213-os-obrigatórios-no-registro-chromium/video.webm]]

[[ATTACHMENT|auth-Autenticação-deve-val-19213-os-obrigatórios-no-registro-chromium/error-context.md]]
]]>
</system-out>
</testcase>
<testcase name="Autenticação › deve fechar modal ao clicar no X" classname="auth.spec.ts" time="30.204">
<failure message="auth.spec.ts:83:3 deve fechar modal ao clicar no X" type="FAILURE">
<![CDATA[  [chromium] › auth.spec.ts:83:3 › Autenticação › deve fechar modal ao clicar no X ─────────────────

    Test timeout of 30000ms exceeded.

    Error: page.click: Test timeout of 30000ms exceeded.
    Call log:
      - waiting for locator('[data-testid="login-button"]')


      82 |
      83 |   test('deve fechar modal ao clicar no X', async ({ page }) => {
    > 84 |     await page.click('[data-testid="login-button"]');
         |                ^
      85 |     await expect(page.locator('[data-testid="auth-form"]')).toBeVisible();
      86 |     
      87 |     await page.click('[data-testid="close-button"]');
        at /Users/dwerner/Repos/bartezen/amplicalcados/tests/e2e/auth.spec.ts:84:16

    attachment #1: screenshot (image/png) ──────────────────────────────────────────────────────────
    ../../test-results/auth-Autenticação-deve-fechar-modal-ao-clicar-no-X-chromium/test-failed-1.png
    ────────────────────────────────────────────────────────────────────────────────────────────────

    attachment #2: video (video/webm) ──────────────────────────────────────────────────────────────
    ../../test-results/auth-Autenticação-deve-fechar-modal-ao-clicar-no-X-chromium/video.webm
    ────────────────────────────────────────────────────────────────────────────────────────────────

    Error Context: ../../test-results/auth-Autenticação-deve-fechar-modal-ao-clicar-no-X-chromium/error-context.md
]]>
</failure>
<system-out>
<![CDATA[
[[ATTACHMENT|auth-Autenticação-deve-fechar-modal-ao-clicar-no-X-chromium/test-failed-1.png]]

[[ATTACHMENT|auth-Autenticação-deve-fechar-modal-ao-clicar-no-X-chromium/video.webm]]

[[ATTACHMENT|auth-Autenticação-deve-fechar-modal-ao-clicar-no-X-chromium/error-context.md]]
]]>
</system-out>
</testcase>
<testcase name="Autenticação › deve fechar modal ao clicar fora dele" classname="auth.spec.ts" time="30.14">
<failure message="auth.spec.ts:91:3 deve fechar modal ao clicar fora dele" type="FAILURE">
<![CDATA[  [chromium] › auth.spec.ts:91:3 › Autenticação › deve fechar modal ao clicar fora dele ────────────

    Test timeout of 30000ms exceeded.

    Error: page.click: Test timeout of 30000ms exceeded.
    Call log:
      - waiting for locator('[data-testid="login-button"]')


      90 |
      91 |   test('deve fechar modal ao clicar fora dele', async ({ page }) => {
    > 92 |     await page.click('[data-testid="login-button"]');
         |                ^
      93 |     await expect(page.locator('[data-testid="auth-form"]')).toBeVisible();
      94 |     
      95 |     // Clicar no overlay (fora do modal)
        at /Users/dwerner/Repos/bartezen/amplicalcados/tests/e2e/auth.spec.ts:92:16

    attachment #1: screenshot (image/png) ──────────────────────────────────────────────────────────
    ../../test-results/auth-Autenticação-deve-fechar-modal-ao-clicar-fora-dele-chromium/test-failed-1.png
    ────────────────────────────────────────────────────────────────────────────────────────────────

    attachment #2: video (video/webm) ──────────────────────────────────────────────────────────────
    ../../test-results/auth-Autenticação-deve-fechar-modal-ao-clicar-fora-dele-chromium/video.webm
    ────────────────────────────────────────────────────────────────────────────────────────────────

    Error Context: ../../test-results/auth-Autenticação-deve-fechar-modal-ao-clicar-fora-dele-chromium/error-context.md
]]>
</failure>
<system-out>
<![CDATA[
[[ATTACHMENT|auth-Autenticação-deve-fechar-modal-ao-clicar-fora-dele-chromium/test-failed-1.png]]

[[ATTACHMENT|auth-Autenticação-deve-fechar-modal-ao-clicar-fora-dele-chromium/video.webm]]

[[ATTACHMENT|auth-Autenticação-deve-fechar-modal-ao-clicar-fora-dele-chromium/error-context.md]]
]]>
</system-out>
</testcase>
<testcase name="Autenticação › deve aceitar email válido no campo de email" classname="auth.spec.ts" time="30.275">
<failure message="auth.spec.ts:100:3 deve aceitar email válido no campo de email" type="FAILURE">
<![CDATA[  [chromium] › auth.spec.ts:100:3 › Autenticação › deve aceitar email válido no campo de email ─────

    Test timeout of 30000ms exceeded.

    Error: page.click: Test timeout of 30000ms exceeded.
    Call log:
      - waiting for locator('[data-testid="login-button"]')


       99 |
      100 |   test('deve aceitar email válido no campo de email', async ({ page }) => {
    > 101 |     await page.click('[data-testid="login-button"]');
          |                ^
      102 |     
      103 |     const emailInput = page.locator('[data-testid="email-input"]');
      104 |     await emailInput.fill('test@example.com');
        at /Users/dwerner/Repos/bartezen/amplicalcados/tests/e2e/auth.spec.ts:101:16

    attachment #1: screenshot (image/png) ──────────────────────────────────────────────────────────
    ../../test-results/auth-Autenticação-deve-ace-47976-il-válido-no-campo-de-email-chromium/test-failed-1.png
    ────────────────────────────────────────────────────────────────────────────────────────────────

    attachment #2: video (video/webm) ──────────────────────────────────────────────────────────────
    ../../test-results/auth-Autenticação-deve-ace-47976-il-válido-no-campo-de-email-chromium/video.webm
    ────────────────────────────────────────────────────────────────────────────────────────────────

    Error Context: ../../test-results/auth-Autenticação-deve-ace-47976-il-válido-no-campo-de-email-chromium/error-context.md
]]>
</failure>
<system-out>
<![CDATA[
[[ATTACHMENT|auth-Autenticação-deve-ace-47976-il-válido-no-campo-de-email-chromium/test-failed-1.png]]

[[ATTACHMENT|auth-Autenticação-deve-ace-47976-il-válido-no-campo-de-email-chromium/video.webm]]

[[ATTACHMENT|auth-Autenticação-deve-ace-47976-il-válido-no-campo-de-email-chromium/error-context.md]]
]]>
</system-out>
</testcase>
<testcase name="Autenticação › deve aceitar senha no campo de senha" classname="auth.spec.ts" time="30.23">
<failure message="auth.spec.ts:109:3 deve aceitar senha no campo de senha" type="FAILURE">
<![CDATA[  [chromium] › auth.spec.ts:109:3 › Autenticação › deve aceitar senha no campo de senha ────────────

    Test timeout of 30000ms exceeded.

    Error: page.click: Test timeout of 30000ms exceeded.
    Call log:
      - waiting for locator('[data-testid="login-button"]')


      108 |
      109 |   test('deve aceitar senha no campo de senha', async ({ page }) => {
    > 110 |     await page.click('[data-testid="login-button"]');
          |                ^
      111 |     
      112 |     const passwordInput = page.locator('[data-testid="password-input"]');
      113 |     await passwordInput.fill('password123');
        at /Users/dwerner/Repos/bartezen/amplicalcados/tests/e2e/auth.spec.ts:110:16

    attachment #1: screenshot (image/png) ──────────────────────────────────────────────────────────
    ../../test-results/auth-Autenticação-deve-aceitar-senha-no-campo-de-senha-chromium/test-failed-1.png
    ────────────────────────────────────────────────────────────────────────────────────────────────

    attachment #2: video (video/webm) ──────────────────────────────────────────────────────────────
    ../../test-results/auth-Autenticação-deve-aceitar-senha-no-campo-de-senha-chromium/video.webm
    ────────────────────────────────────────────────────────────────────────────────────────────────

    Error Context: ../../test-results/auth-Autenticação-deve-aceitar-senha-no-campo-de-senha-chromium/error-context.md
]]>
</failure>
<system-out>
<![CDATA[
[[ATTACHMENT|auth-Autenticação-deve-aceitar-senha-no-campo-de-senha-chromium/test-failed-1.png]]

[[ATTACHMENT|auth-Autenticação-deve-aceitar-senha-no-campo-de-senha-chromium/video.webm]]

[[ATTACHMENT|auth-Autenticação-deve-aceitar-senha-no-campo-de-senha-chromium/error-context.md]]
]]>
</system-out>
</testcase>
</testsuite>
<testsuite name="cart.spec.ts" timestamp="2025-08-29T19:10:43.273Z" hostname="chromium" tests="14" failures="13" skipped="0" time="350.04" errors="0">
<testcase name="Carrinho de Compras › deve exibir ícone do carrinho no cabeçalho" classname="cart.spec.ts" time="6.589">
<failure message="cart.spec.ts:8:3 deve exibir ícone do carrinho no cabeçalho" type="FAILURE">
<![CDATA[  [chromium] › cart.spec.ts:8:3 › Carrinho de Compras › deve exibir ícone do carrinho no cabeçalho ─

    Error: expect(locator).toBeVisible() failed

    Locator:  locator('[data-testid="cart-button"]')
    Expected: visible
    Received: <element(s) not found>
    Timeout:  5000ms

    Call log:
      - Expect "toBeVisible" with timeout 5000ms
      - waiting for locator('[data-testid="cart-button"]')


       7 |
       8 |   test('deve exibir ícone do carrinho no cabeçalho', async ({ page }) => {
    >  9 |     await expect(page.locator('[data-testid="cart-button"]')).toBeVisible();
         |                                                               ^
      10 |   });
      11 |
      12 |   test('deve exibir contador zero quando carrinho está vazio', async ({ page }) => {
        at /Users/dwerner/Repos/bartezen/amplicalcados/tests/e2e/cart.spec.ts:9:63

    attachment #1: screenshot (image/png) ──────────────────────────────────────────────────────────
    ../../test-results/cart-Carrinho-de-Compras-d-6cbda-ne-do-carrinho-no-cabeçalho-chromium/test-failed-1.png
    ────────────────────────────────────────────────────────────────────────────────────────────────

    attachment #2: video (video/webm) ──────────────────────────────────────────────────────────────
    ../../test-results/cart-Carrinho-de-Compras-d-6cbda-ne-do-carrinho-no-cabeçalho-chromium/video.webm
    ────────────────────────────────────────────────────────────────────────────────────────────────

    Error Context: ../../test-results/cart-Carrinho-de-Compras-d-6cbda-ne-do-carrinho-no-cabeçalho-chromium/error-context.md
]]>
</failure>
<system-out>
<![CDATA[
[[ATTACHMENT|cart-Carrinho-de-Compras-d-6cbda-ne-do-carrinho-no-cabeçalho-chromium/test-failed-1.png]]

[[ATTACHMENT|cart-Carrinho-de-Compras-d-6cbda-ne-do-carrinho-no-cabeçalho-chromium/video.webm]]

[[ATTACHMENT|cart-Carrinho-de-Compras-d-6cbda-ne-do-carrinho-no-cabeçalho-chromium/error-context.md]]
]]>
</system-out>
</testcase>
<testcase name="Carrinho de Compras › deve exibir contador zero quando carrinho está vazio" classname="cart.spec.ts" time="6.342">
<failure message="cart.spec.ts:12:3 deve exibir contador zero quando carrinho está vazio" type="FAILURE">
<![CDATA[  [chromium] › cart.spec.ts:12:3 › Carrinho de Compras › deve exibir contador zero quando carrinho está vazio 

    Error: expect(locator).toHaveText(expected) failed

    Locator: locator('.cart-count')
    Expected string: "0"
    Received: <element(s) not found>
    Timeout: 5000ms

    Call log:
      - Expect "toHaveText" with timeout 5000ms
      - waiting for locator('.cart-count')


      12 |   test('deve exibir contador zero quando carrinho está vazio', async ({ page }) => {
      13 |     const cartCount = page.locator('.cart-count');
    > 14 |     await expect(cartCount).toHaveText('0');
         |                             ^
      15 |   });
      16 |
      17 |   test('deve adicionar produto ao carrinho', async ({ page }) => {
        at /Users/dwerner/Repos/bartezen/amplicalcados/tests/e2e/cart.spec.ts:14:29

    attachment #1: screenshot (image/png) ──────────────────────────────────────────────────────────
    ../../test-results/cart-Carrinho-de-Compras-d-1958c--quando-carrinho-está-vazio-chromium/test-failed-1.png
    ────────────────────────────────────────────────────────────────────────────────────────────────

    attachment #2: video (video/webm) ──────────────────────────────────────────────────────────────
    ../../test-results/cart-Carrinho-de-Compras-d-1958c--quando-carrinho-está-vazio-chromium/video.webm
    ────────────────────────────────────────────────────────────────────────────────────────────────

    Error Context: ../../test-results/cart-Carrinho-de-Compras-d-1958c--quando-carrinho-está-vazio-chromium/error-context.md
]]>
</failure>
<system-out>
<![CDATA[
[[ATTACHMENT|cart-Carrinho-de-Compras-d-1958c--quando-carrinho-está-vazio-chromium/test-failed-1.png]]

[[ATTACHMENT|cart-Carrinho-de-Compras-d-1958c--quando-carrinho-está-vazio-chromium/video.webm]]

[[ATTACHMENT|cart-Carrinho-de-Compras-d-1958c--quando-carrinho-está-vazio-chromium/error-context.md]]
]]>
</system-out>
</testcase>
<testcase name="Carrinho de Compras › deve adicionar produto ao carrinho" classname="cart.spec.ts" time="30.483">
<failure message="cart.spec.ts:17:3 deve adicionar produto ao carrinho" type="FAILURE">
<![CDATA[  [chromium] › cart.spec.ts:17:3 › Carrinho de Compras › deve adicionar produto ao carrinho ────────

    Test timeout of 30000ms exceeded.

    Error: page.click: Test timeout of 30000ms exceeded.
    Call log:
      - waiting for locator('[data-testid="add-to-cart-button"]')


      17 |   test('deve adicionar produto ao carrinho', async ({ page }) => {
      18 |     // Clicar no primeiro botão "Adicionar ao Carrinho"
    > 19 |     await page.click('[data-testid="add-to-cart-button"]');
         |                ^
      20 |     
      21 |     // Aguardar notificação de sucesso
      22 |     await page.waitForTimeout(1000);
        at /Users/dwerner/Repos/bartezen/amplicalcados/tests/e2e/cart.spec.ts:19:16

    attachment #1: screenshot (image/png) ──────────────────────────────────────────────────────────
    ../../test-results/cart-Carrinho-de-Compras-deve-adicionar-produto-ao-carrinho-chromium/test-failed-1.png
    ────────────────────────────────────────────────────────────────────────────────────────────────

    attachment #2: video (video/webm) ──────────────────────────────────────────────────────────────
    ../../test-results/cart-Carrinho-de-Compras-deve-adicionar-produto-ao-carrinho-chromium/video.webm
    ────────────────────────────────────────────────────────────────────────────────────────────────

    Error Context: ../../test-results/cart-Carrinho-de-Compras-deve-adicionar-produto-ao-carrinho-chromium/error-context.md
]]>
</failure>
<system-out>
<![CDATA[
[[ATTACHMENT|cart-Carrinho-de-Compras-deve-adicionar-produto-ao-carrinho-chromium/test-failed-1.png]]

[[ATTACHMENT|cart-Carrinho-de-Compras-deve-adicionar-produto-ao-carrinho-chromium/video.webm]]

[[ATTACHMENT|cart-Carrinho-de-Compras-deve-adicionar-produto-ao-carrinho-chromium/error-context.md]]
]]>
</system-out>
</testcase>
<testcase name="Carrinho de Compras › deve abrir modal de produto ao tentar adicionar" classname="cart.spec.ts" time="30.477">
<failure message="cart.spec.ts:29:3 deve abrir modal de produto ao tentar adicionar" type="FAILURE">
<![CDATA[  [chromium] › cart.spec.ts:29:3 › Carrinho de Compras › deve abrir modal de produto ao tentar adicionar 

    Test timeout of 30000ms exceeded.

    Error: page.click: Test timeout of 30000ms exceeded.
    Call log:
      - waiting for locator('[data-testid="add-to-cart-button"]')


      29 |   test('deve abrir modal de produto ao tentar adicionar', async ({ page }) => {
      30 |     // Clicar no primeiro botão "Adicionar ao Carrinho"
    > 31 |     await page.click('[data-testid="add-to-cart-button"]');
         |                ^
      32 |     
      33 |     // Verificar se o modal de produto foi aberto
      34 |     await expect(page.locator('.product-modal')).toBeVisible();
        at /Users/dwerner/Repos/bartezen/amplicalcados/tests/e2e/cart.spec.ts:31:16

    attachment #1: screenshot (image/png) ──────────────────────────────────────────────────────────
    ../../test-results/cart-Carrinho-de-Compras-d-26163-produto-ao-tentar-adicionar-chromium/test-failed-1.png
    ────────────────────────────────────────────────────────────────────────────────────────────────

    attachment #2: video (video/webm) ──────────────────────────────────────────────────────────────
    ../../test-results/cart-Carrinho-de-Compras-d-26163-produto-ao-tentar-adicionar-chromium/video.webm
    ────────────────────────────────────────────────────────────────────────────────────────────────

    Error Context: ../../test-results/cart-Carrinho-de-Compras-d-26163-produto-ao-tentar-adicionar-chromium/error-context.md
]]>
</failure>
<system-out>
<![CDATA[
[[ATTACHMENT|cart-Carrinho-de-Compras-d-26163-produto-ao-tentar-adicionar-chromium/test-failed-1.png]]

[[ATTACHMENT|cart-Carrinho-de-Compras-d-26163-produto-ao-tentar-adicionar-chromium/video.webm]]

[[ATTACHMENT|cart-Carrinho-de-Compras-d-26163-produto-ao-tentar-adicionar-chromium/error-context.md]]
]]>
</system-out>
</testcase>
<testcase name="Carrinho de Compras › deve permitir seleção de cor no modal de produto" classname="cart.spec.ts" time="30.601">
<failure message="cart.spec.ts:37:3 deve permitir seleção de cor no modal de produto" type="FAILURE">
<![CDATA[  [chromium] › cart.spec.ts:37:3 › Carrinho de Compras › deve permitir seleção de cor no modal de produto 

    Test timeout of 30000ms exceeded.

    Error: page.click: Test timeout of 30000ms exceeded.
    Call log:
      - waiting for locator('[data-testid="add-to-cart-button"]')


      36 |
      37 |   test('deve permitir seleção de cor no modal de produto', async ({ page }) => {
    > 38 |     await page.click('[data-testid="add-to-cart-button"]');
         |                ^
      39 |     
      40 |     const colorOptions = page.locator('[data-testid="color-option"]');
      41 |     await expect(colorOptions.first()).toBeVisible();
        at /Users/dwerner/Repos/bartezen/amplicalcados/tests/e2e/cart.spec.ts:38:16

    attachment #1: screenshot (image/png) ──────────────────────────────────────────────────────────
    ../../test-results/cart-Carrinho-de-Compras-d-d6fe4--de-cor-no-modal-de-produto-chromium/test-failed-1.png
    ────────────────────────────────────────────────────────────────────────────────────────────────

    attachment #2: video (video/webm) ──────────────────────────────────────────────────────────────
    ../../test-results/cart-Carrinho-de-Compras-d-d6fe4--de-cor-no-modal-de-produto-chromium/video.webm
    ────────────────────────────────────────────────────────────────────────────────────────────────

    Error Context: ../../test-results/cart-Carrinho-de-Compras-d-d6fe4--de-cor-no-modal-de-produto-chromium/error-context.md
]]>
</failure>
<system-out>
<![CDATA[
[[ATTACHMENT|cart-Carrinho-de-Compras-d-d6fe4--de-cor-no-modal-de-produto-chromium/test-failed-1.png]]

[[ATTACHMENT|cart-Carrinho-de-Compras-d-d6fe4--de-cor-no-modal-de-produto-chromium/video.webm]]

[[ATTACHMENT|cart-Carrinho-de-Compras-d-d6fe4--de-cor-no-modal-de-produto-chromium/error-context.md]]
]]>
</system-out>
</testcase>
<testcase name="Carrinho de Compras › deve permitir seleção de tamanho no modal de produto" classname="cart.spec.ts" time="30.244">
<failure message="cart.spec.ts:48:3 deve permitir seleção de tamanho no modal de produto" type="FAILURE">
<![CDATA[  [chromium] › cart.spec.ts:48:3 › Carrinho de Compras › deve permitir seleção de tamanho no modal de produto 

    Test timeout of 30000ms exceeded.

    Error: page.click: Test timeout of 30000ms exceeded.
    Call log:
      - waiting for locator('[data-testid="add-to-cart-button"]')


      47 |
      48 |   test('deve permitir seleção de tamanho no modal de produto', async ({ page }) => {
    > 49 |     await page.click('[data-testid="add-to-cart-button"]');
         |                ^
      50 |     
      51 |     const sizeOptions = page.locator('[data-testid="size-option"]');
      52 |     await expect(sizeOptions.first()).toBeVisible();
        at /Users/dwerner/Repos/bartezen/amplicalcados/tests/e2e/cart.spec.ts:49:16

    attachment #1: screenshot (image/png) ──────────────────────────────────────────────────────────
    ../../test-results/cart-Carrinho-de-Compras-d-d46b8-tamanho-no-modal-de-produto-chromium/test-failed-1.png
    ────────────────────────────────────────────────────────────────────────────────────────────────

    attachment #2: video (video/webm) ──────────────────────────────────────────────────────────────
    ../../test-results/cart-Carrinho-de-Compras-d-d46b8-tamanho-no-modal-de-produto-chromium/video.webm
    ────────────────────────────────────────────────────────────────────────────────────────────────

    Error Context: ../../test-results/cart-Carrinho-de-Compras-d-d46b8-tamanho-no-modal-de-produto-chromium/error-context.md
]]>
</failure>
<system-out>
<![CDATA[
[[ATTACHMENT|cart-Carrinho-de-Compras-d-d46b8-tamanho-no-modal-de-produto-chromium/test-failed-1.png]]

[[ATTACHMENT|cart-Carrinho-de-Compras-d-d46b8-tamanho-no-modal-de-produto-chromium/video.webm]]

[[ATTACHMENT|cart-Carrinho-de-Compras-d-d46b8-tamanho-no-modal-de-produto-chromium/error-context.md]]
]]>
</system-out>
</testcase>
<testcase name="Carrinho de Compras › deve habilitar botão de adicionar após selecionar cor e tamanho" classname="cart.spec.ts" time="30.393">
<failure message="cart.spec.ts:59:3 deve habilitar botão de adicionar após selecionar cor e tamanho" type="FAILURE">
<![CDATA[  [chromium] › cart.spec.ts:59:3 › Carrinho de Compras › deve habilitar botão de adicionar após selecionar cor e tamanho 

    Test timeout of 30000ms exceeded.

    Error: page.click: Test timeout of 30000ms exceeded.
    Call log:
      - waiting for locator('[data-testid="add-to-cart-button"]')


      58 |
      59 |   test('deve habilitar botão de adicionar após selecionar cor e tamanho', async ({ page }) => {
    > 60 |     await page.click('[data-testid="add-to-cart-button"]');
         |                ^
      61 |     
      62 |     const addToCartButton = page.locator('[data-testid="add-to-cart-button"]');
      63 |     
        at /Users/dwerner/Repos/bartezen/amplicalcados/tests/e2e/cart.spec.ts:60:16

    attachment #1: screenshot (image/png) ──────────────────────────────────────────────────────────
    ../../test-results/cart-Carrinho-de-Compras-d-0fbdf-ós-selecionar-cor-e-tamanho-chromium/test-failed-1.png
    ────────────────────────────────────────────────────────────────────────────────────────────────

    attachment #2: video (video/webm) ──────────────────────────────────────────────────────────────
    ../../test-results/cart-Carrinho-de-Compras-d-0fbdf-ós-selecionar-cor-e-tamanho-chromium/video.webm
    ────────────────────────────────────────────────────────────────────────────────────────────────

    Error Context: ../../test-results/cart-Carrinho-de-Compras-d-0fbdf-ós-selecionar-cor-e-tamanho-chromium/error-context.md
]]>
</failure>
<system-out>
<![CDATA[
[[ATTACHMENT|cart-Carrinho-de-Compras-d-0fbdf-ós-selecionar-cor-e-tamanho-chromium/test-failed-1.png]]

[[ATTACHMENT|cart-Carrinho-de-Compras-d-0fbdf-ós-selecionar-cor-e-tamanho-chromium/video.webm]]

[[ATTACHMENT|cart-Carrinho-de-Compras-d-0fbdf-ós-selecionar-cor-e-tamanho-chromium/error-context.md]]
]]>
</system-out>
</testcase>
<testcase name="Carrinho de Compras › deve adicionar produto ao carrinho com cor e tamanho selecionados" classname="cart.spec.ts" time="30.401">
<failure message="cart.spec.ts:77:3 deve adicionar produto ao carrinho com cor e tamanho selecionados" type="FAILURE">
<![CDATA[  [chromium] › cart.spec.ts:77:3 › Carrinho de Compras › deve adicionar produto ao carrinho com cor e tamanho selecionados 

    Test timeout of 30000ms exceeded.

    Error: page.click: Test timeout of 30000ms exceeded.
    Call log:
      - waiting for locator('[data-testid="add-to-cart-button"]')


      76 |
      77 |   test('deve adicionar produto ao carrinho com cor e tamanho selecionados', async ({ page }) => {
    > 78 |     await page.click('[data-testid="add-to-cart-button"]');
         |                ^
      79 |     
      80 |     // Selecionar cor e tamanho
      81 |     await page.click('[data-testid="color-option"]');
        at /Users/dwerner/Repos/bartezen/amplicalcados/tests/e2e/cart.spec.ts:78:16

    attachment #1: screenshot (image/png) ──────────────────────────────────────────────────────────
    ../../test-results/cart-Carrinho-de-Compras-d-08b69--cor-e-tamanho-selecionados-chromium/test-failed-1.png
    ────────────────────────────────────────────────────────────────────────────────────────────────

    attachment #2: video (video/webm) ──────────────────────────────────────────────────────────────
    ../../test-results/cart-Carrinho-de-Compras-d-08b69--cor-e-tamanho-selecionados-chromium/video.webm
    ────────────────────────────────────────────────────────────────────────────────────────────────

    Error Context: ../../test-results/cart-Carrinho-de-Compras-d-08b69--cor-e-tamanho-selecionados-chromium/error-context.md
]]>
</failure>
<system-out>
<![CDATA[
[[ATTACHMENT|cart-Carrinho-de-Compras-d-08b69--cor-e-tamanho-selecionados-chromium/test-failed-1.png]]

[[ATTACHMENT|cart-Carrinho-de-Compras-d-08b69--cor-e-tamanho-selecionados-chromium/video.webm]]

[[ATTACHMENT|cart-Carrinho-de-Compras-d-08b69--cor-e-tamanho-selecionados-chromium/error-context.md]]
]]>
</system-out>
</testcase>
<testcase name="Carrinho de Compras › deve exibir notificação de sucesso ao adicionar produto" classname="cart.spec.ts" time="31.823">
<failure message="cart.spec.ts:95:3 deve exibir notificação de sucesso ao adicionar produto" type="FAILURE">
<![CDATA[  [chromium] › cart.spec.ts:95:3 › Carrinho de Compras › deve exibir notificação de sucesso ao adicionar produto 

    Test timeout of 30000ms exceeded.

    Error: page.click: Test timeout of 30000ms exceeded.
    Call log:
      - waiting for locator('[data-testid="add-to-cart-button"]')


      94 |
      95 |   test('deve exibir notificação de sucesso ao adicionar produto', async ({ page }) => {
    > 96 |     await page.click('[data-testid="add-to-cart-button"]');
         |                ^
      97 |     
      98 |     // Selecionar cor e tamanho
      99 |     await page.click('[data-testid="color-option"]');
        at /Users/dwerner/Repos/bartezen/amplicalcados/tests/e2e/cart.spec.ts:96:16

    attachment #1: screenshot (image/png) ──────────────────────────────────────────────────────────
    ../../test-results/cart-Carrinho-de-Compras-d-da267-ucesso-ao-adicionar-produto-chromium/test-failed-1.png
    ────────────────────────────────────────────────────────────────────────────────────────────────

    attachment #2: video (video/webm) ──────────────────────────────────────────────────────────────
    ../../test-results/cart-Carrinho-de-Compras-d-da267-ucesso-ao-adicionar-produto-chromium/video.webm
    ────────────────────────────────────────────────────────────────────────────────────────────────

    Error Context: ../../test-results/cart-Carrinho-de-Compras-d-da267-ucesso-ao-adicionar-produto-chromium/error-context.md
]]>
</failure>
<system-out>
<![CDATA[
[[ATTACHMENT|cart-Carrinho-de-Compras-d-da267-ucesso-ao-adicionar-produto-chromium/test-failed-1.png]]

[[ATTACHMENT|cart-Carrinho-de-Compras-d-da267-ucesso-ao-adicionar-produto-chromium/video.webm]]

[[ATTACHMENT|cart-Carrinho-de-Compras-d-da267-ucesso-ao-adicionar-produto-chromium/error-context.md]]
]]>
</system-out>
</testcase>
<testcase name="Carrinho de Compras › deve fechar modal após adicionar produto" classname="cart.spec.ts" time="30.156">
<failure message="cart.spec.ts:109:3 deve fechar modal após adicionar produto" type="FAILURE">
<![CDATA[  [chromium] › cart.spec.ts:109:3 › Carrinho de Compras › deve fechar modal após adicionar produto ─

    Test timeout of 30000ms exceeded.

    Error: page.click: Test timeout of 30000ms exceeded.
    Call log:
      - waiting for locator('[data-testid="add-to-cart-button"]')


      108 |
      109 |   test('deve fechar modal após adicionar produto', async ({ page }) => {
    > 110 |     await page.click('[data-testid="add-to-cart-button"]');
          |                ^
      111 |     
      112 |     // Selecionar cor e tamanho
      113 |     await page.click('[data-testid="color-option"]');
        at /Users/dwerner/Repos/bartezen/amplicalcados/tests/e2e/cart.spec.ts:110:16

    attachment #1: screenshot (image/png) ──────────────────────────────────────────────────────────
    ../../test-results/cart-Carrinho-de-Compras-d-4ecec-odal-após-adicionar-produto-chromium/test-failed-1.png
    ────────────────────────────────────────────────────────────────────────────────────────────────

    attachment #2: video (video/webm) ──────────────────────────────────────────────────────────────
    ../../test-results/cart-Carrinho-de-Compras-d-4ecec-odal-após-adicionar-produto-chromium/video.webm
    ────────────────────────────────────────────────────────────────────────────────────────────────

    Error Context: ../../test-results/cart-Carrinho-de-Compras-d-4ecec-odal-após-adicionar-produto-chromium/error-context.md
]]>
</failure>
<system-out>
<![CDATA[
[[ATTACHMENT|cart-Carrinho-de-Compras-d-4ecec-odal-após-adicionar-produto-chromium/test-failed-1.png]]

[[ATTACHMENT|cart-Carrinho-de-Compras-d-4ecec-odal-após-adicionar-produto-chromium/video.webm]]

[[ATTACHMENT|cart-Carrinho-de-Compras-d-4ecec-odal-após-adicionar-produto-chromium/error-context.md]]
]]>
</system-out>
</testcase>
<testcase name="Carrinho de Compras › deve permitir adicionar múltiplos produtos" classname="cart.spec.ts" time="30.463">
<failure message="cart.spec.ts:126:3 deve permitir adicionar múltiplos produtos" type="FAILURE">
<![CDATA[  [chromium] › cart.spec.ts:126:3 › Carrinho de Compras › deve permitir adicionar múltiplos produtos 

    Test timeout of 30000ms exceeded.

    Error: page.click: Test timeout of 30000ms exceeded.
    Call log:
      - waiting for locator('[data-testid="add-to-cart-button"]')


      126 |   test('deve permitir adicionar múltiplos produtos', async ({ page }) => {
      127 |     // Adicionar primeiro produto
    > 128 |     await page.click('[data-testid="add-to-cart-button"]');
          |                ^
      129 |     await page.click('[data-testid="color-option"]');
      130 |     await page.click('[data-testid="size-option"]');
      131 |     await page.click('[data-testid="add-to-cart-button"]');
        at /Users/dwerner/Repos/bartezen/amplicalcados/tests/e2e/cart.spec.ts:128:16

    attachment #1: screenshot (image/png) ──────────────────────────────────────────────────────────
    ../../test-results/cart-Carrinho-de-Compras-d-8ceaa-dicionar-múltiplos-produtos-chromium/test-failed-1.png
    ────────────────────────────────────────────────────────────────────────────────────────────────

    attachment #2: video (video/webm) ──────────────────────────────────────────────────────────────
    ../../test-results/cart-Carrinho-de-Compras-d-8ceaa-dicionar-múltiplos-produtos-chromium/video.webm
    ────────────────────────────────────────────────────────────────────────────────────────────────

    Error Context: ../../test-results/cart-Carrinho-de-Compras-d-8ceaa-dicionar-múltiplos-produtos-chromium/error-context.md
]]>
</failure>
<system-out>
<![CDATA[
[[ATTACHMENT|cart-Carrinho-de-Compras-d-8ceaa-dicionar-múltiplos-produtos-chromium/test-failed-1.png]]

[[ATTACHMENT|cart-Carrinho-de-Compras-d-8ceaa-dicionar-múltiplos-produtos-chromium/video.webm]]

[[ATTACHMENT|cart-Carrinho-de-Compras-d-8ceaa-dicionar-múltiplos-produtos-chromium/error-context.md]]
]]>
</system-out>
</testcase>
<testcase name="Carrinho de Compras › deve exibir total do carrinho corretamente" classname="cart.spec.ts" time="30.452">
<failure message="cart.spec.ts:150:3 deve exibir total do carrinho corretamente" type="FAILURE">
<![CDATA[  [chromium] › cart.spec.ts:150:3 › Carrinho de Compras › deve exibir total do carrinho corretamente 

    Test timeout of 30000ms exceeded.

    Error: page.click: Test timeout of 30000ms exceeded.
    Call log:
      - waiting for locator('[data-testid="add-to-cart-button"]')


      150 |   test('deve exibir total do carrinho corretamente', async ({ page }) => {
      151 |     // Adicionar produto
    > 152 |     await page.click('[data-testid="add-to-cart-button"]');
          |                ^
      153 |     await page.click('[data-testid="color-option"]');
      154 |     await page.click('[data-testid="size-option"]');
      155 |     await page.click('[data-testid="add-to-cart-button"]');
        at /Users/dwerner/Repos/bartezen/amplicalcados/tests/e2e/cart.spec.ts:152:16

    attachment #1: screenshot (image/png) ──────────────────────────────────────────────────────────
    ../../test-results/cart-Carrinho-de-Compras-d-8366c-al-do-carrinho-corretamente-chromium/test-failed-1.png
    ────────────────────────────────────────────────────────────────────────────────────────────────

    attachment #2: video (video/webm) ──────────────────────────────────────────────────────────────
    ../../test-results/cart-Carrinho-de-Compras-d-8366c-al-do-carrinho-corretamente-chromium/video.webm
    ────────────────────────────────────────────────────────────────────────────────────────────────

    Error Context: ../../test-results/cart-Carrinho-de-Compras-d-8366c-al-do-carrinho-corretamente-chromium/error-context.md
]]>
</failure>
<system-out>
<![CDATA[
[[ATTACHMENT|cart-Carrinho-de-Compras-d-8366c-al-do-carrinho-corretamente-chromium/test-failed-1.png]]

[[ATTACHMENT|cart-Carrinho-de-Compras-d-8366c-al-do-carrinho-corretamente-chromium/video.webm]]

[[ATTACHMENT|cart-Carrinho-de-Compras-d-8366c-al-do-carrinho-corretamente-chromium/error-context.md]]
]]>
</system-out>
</testcase>
<testcase name="Carrinho de Compras › deve navegar para checkout ao clicar no carrinho" classname="cart.spec.ts" time="30.238">
<failure message="cart.spec.ts:166:3 deve navegar para checkout ao clicar no carrinho" type="FAILURE">
<![CDATA[  [chromium] › cart.spec.ts:166:3 › Carrinho de Compras › deve navegar para checkout ao clicar no carrinho 

    Test timeout of 30000ms exceeded.

    Error: page.click: Test timeout of 30000ms exceeded.
    Call log:
      - waiting for locator('[data-testid="add-to-cart-button"]')


      166 |   test('deve navegar para checkout ao clicar no carrinho', async ({ page }) => {
      167 |     // Adicionar produto primeiro
    > 168 |     await page.click('[data-testid="add-to-cart-button"]');
          |                ^
      169 |     await page.click('[data-testid="color-option"]');
      170 |     await page.click('[data-testid="size-option"]');
      171 |     await page.click('[data-testid="add-to-cart-button"]');
        at /Users/dwerner/Repos/bartezen/amplicalcados/tests/e2e/cart.spec.ts:168:16

    attachment #1: screenshot (image/png) ──────────────────────────────────────────────────────────
    ../../test-results/cart-Carrinho-de-Compras-d-06ab1-ckout-ao-clicar-no-carrinho-chromium/test-failed-1.png
    ────────────────────────────────────────────────────────────────────────────────────────────────

    attachment #2: video (video/webm) ──────────────────────────────────────────────────────────────
    ../../test-results/cart-Carrinho-de-Compras-d-06ab1-ckout-ao-clicar-no-carrinho-chromium/video.webm
    ────────────────────────────────────────────────────────────────────────────────────────────────

    Error Context: ../../test-results/cart-Carrinho-de-Compras-d-06ab1-ckout-ao-clicar-no-carrinho-chromium/error-context.md
]]>
</failure>
<system-out>
<![CDATA[
[[ATTACHMENT|cart-Carrinho-de-Compras-d-06ab1-ckout-ao-clicar-no-carrinho-chromium/test-failed-1.png]]

[[ATTACHMENT|cart-Carrinho-de-Compras-d-06ab1-ckout-ao-clicar-no-carrinho-chromium/video.webm]]

[[ATTACHMENT|cart-Carrinho-de-Compras-d-06ab1-ckout-ao-clicar-no-carrinho-chromium/error-context.md]]
]]>
</system-out>
</testcase>
<testcase name="Carrinho de Compras › deve exibir mensagem de carrinho vazio quando apropriado" classname="cart.spec.ts" time="1.378">
</testcase>
</testsuite>
<testsuite name="products.spec.ts" timestamp="2025-08-29T19:10:43.273Z" hostname="chromium" tests="16" failures="15" skipped="0" time="217.202" errors="0">
<testcase name="Produtos › deve exibir grade de produtos na página inicial" classname="products.spec.ts" time="6.271">
<failure message="products.spec.ts:8:3 deve exibir grade de produtos na página inicial" type="FAILURE">
<![CDATA[  [chromium] › products.spec.ts:8:3 › Produtos › deve exibir grade de produtos na página inicial ───

    Error: expect(locator).toBeVisible() failed

    Locator:  locator('[data-testid="products-grid"]')
    Expected: visible
    Received: <element(s) not found>
    Timeout:  5000ms

    Call log:
      - Expect "toBeVisible" with timeout 5000ms
      - waiting for locator('[data-testid="products-grid"]')


       7 |
       8 |   test('deve exibir grade de produtos na página inicial', async ({ page }) => {
    >  9 |     await expect(page.locator('[data-testid="products-grid"]')).toBeVisible();
         |                                                                 ^
      10 |   });
      11 |
      12 |   test('deve exibir cards de produtos', async ({ page }) => {
        at /Users/dwerner/Repos/bartezen/amplicalcados/tests/e2e/products.spec.ts:9:65

    attachment #1: screenshot (image/png) ──────────────────────────────────────────────────────────
    ../../test-results/products-Produtos-deve-exi-7cd09--produtos-na-página-inicial-chromium/test-failed-1.png
    ────────────────────────────────────────────────────────────────────────────────────────────────

    attachment #2: video (video/webm) ──────────────────────────────────────────────────────────────
    ../../test-results/products-Produtos-deve-exi-7cd09--produtos-na-página-inicial-chromium/video.webm
    ────────────────────────────────────────────────────────────────────────────────────────────────

    Error Context: ../../test-results/products-Produtos-deve-exi-7cd09--produtos-na-página-inicial-chromium/error-context.md
]]>
</failure>
<system-out>
<![CDATA[
[[ATTACHMENT|products-Produtos-deve-exi-7cd09--produtos-na-página-inicial-chromium/test-failed-1.png]]

[[ATTACHMENT|products-Produtos-deve-exi-7cd09--produtos-na-página-inicial-chromium/video.webm]]

[[ATTACHMENT|products-Produtos-deve-exi-7cd09--produtos-na-página-inicial-chromium/error-context.md]]
]]>
</system-out>
</testcase>
<testcase name="Produtos › deve exibir cards de produtos" classname="products.spec.ts" time="6.522">
<failure message="products.spec.ts:12:3 deve exibir cards de produtos" type="FAILURE">
<![CDATA[  [chromium] › products.spec.ts:12:3 › Produtos › deve exibir cards de produtos ────────────────────

    Error: expect(locator).toBeVisible() failed

    Locator:  locator('[data-testid^="product-card-"]').first()
    Expected: visible
    Received: <element(s) not found>
    Timeout:  5000ms

    Call log:
      - Expect "toBeVisible" with timeout 5000ms
      - waiting for locator('[data-testid^="product-card-"]').first()


      12 |   test('deve exibir cards de produtos', async ({ page }) => {
      13 |     const productCards = page.locator('[data-testid^="product-card-"]');
    > 14 |     await expect(productCards.first()).toBeVisible();
         |                                        ^
      15 |   });
      16 |
      17 |   test('deve exibir informações básicas do produto', async ({ page }) => {
        at /Users/dwerner/Repos/bartezen/amplicalcados/tests/e2e/products.spec.ts:14:40

    attachment #1: screenshot (image/png) ──────────────────────────────────────────────────────────
    ../../test-results/products-Produtos-deve-exibir-cards-de-produtos-chromium/test-failed-1.png
    ────────────────────────────────────────────────────────────────────────────────────────────────

    attachment #2: video (video/webm) ──────────────────────────────────────────────────────────────
    ../../test-results/products-Produtos-deve-exibir-cards-de-produtos-chromium/video.webm
    ────────────────────────────────────────────────────────────────────────────────────────────────

    Error Context: ../../test-results/products-Produtos-deve-exibir-cards-de-produtos-chromium/error-context.md
]]>
</failure>
<system-out>
<![CDATA[
[[ATTACHMENT|products-Produtos-deve-exibir-cards-de-produtos-chromium/test-failed-1.png]]

[[ATTACHMENT|products-Produtos-deve-exibir-cards-de-produtos-chromium/video.webm]]

[[ATTACHMENT|products-Produtos-deve-exibir-cards-de-produtos-chromium/error-context.md]]
]]>
</system-out>
</testcase>
<testcase name="Produtos › deve exibir informações básicas do produto" classname="products.spec.ts" time="6.445">
<failure message="products.spec.ts:17:3 deve exibir informações básicas do produto" type="FAILURE">
<![CDATA[  [chromium] › products.spec.ts:17:3 › Produtos › deve exibir informações básicas do produto ───────

    Error: expect(locator).toBeVisible() failed

    Locator:  locator('[data-testid^="product-card-"]').first().locator('[data-testid="product-name"]')
    Expected: visible
    Received: <element(s) not found>
    Timeout:  5000ms

    Call log:
      - Expect "toBeVisible" with timeout 5000ms
      - waiting for locator('[data-testid^="product-card-"]').first().locator('[data-testid="product-name"]')


      18 |     const firstProduct = page.locator('[data-testid^="product-card-"]').first();
      19 |     
    > 20 |     await expect(firstProduct.locator('[data-testid="product-name"]')).toBeVisible();
         |                                                                        ^
      21 |     await expect(firstProduct.locator('[data-testid="product-price"]')).toBeVisible();
      22 |     await expect(firstProduct.locator('[data-testid="product-brand"]')).toBeVisible();
      23 |   });
        at /Users/dwerner/Repos/bartezen/amplicalcados/tests/e2e/products.spec.ts:20:72

    attachment #1: screenshot (image/png) ──────────────────────────────────────────────────────────
    ../../test-results/products-Produtos-deve-exibir-informações-básicas-do-produto-chromium/test-failed-1.png
    ────────────────────────────────────────────────────────────────────────────────────────────────

    attachment #2: video (video/webm) ──────────────────────────────────────────────────────────────
    ../../test-results/products-Produtos-deve-exibir-informações-básicas-do-produto-chromium/video.webm
    ────────────────────────────────────────────────────────────────────────────────────────────────

    Error Context: ../../test-results/products-Produtos-deve-exibir-informações-básicas-do-produto-chromium/error-context.md
]]>
</failure>
<system-out>
<![CDATA[
[[ATTACHMENT|products-Produtos-deve-exibir-informações-básicas-do-produto-chromium/test-failed-1.png]]

[[ATTACHMENT|products-Produtos-deve-exibir-informações-básicas-do-produto-chromium/video.webm]]

[[ATTACHMENT|products-Produtos-deve-exibir-informações-básicas-do-produto-chromium/error-context.md]]
]]>
</system-out>
</testcase>
<testcase name="Produtos › deve exibir imagem do produto" classname="products.spec.ts" time="6.645">
<failure message="products.spec.ts:25:3 deve exibir imagem do produto" type="FAILURE">
<![CDATA[  [chromium] › products.spec.ts:25:3 › Produtos › deve exibir imagem do produto ────────────────────

    Error: expect(locator).toBeVisible() failed

    Locator:  locator('[data-testid="product-image"]').first()
    Expected: visible
    Received: <element(s) not found>
    Timeout:  5000ms

    Call log:
      - Expect "toBeVisible" with timeout 5000ms
      - waiting for locator('[data-testid="product-image"]').first()


      25 |   test('deve exibir imagem do produto', async ({ page }) => {
      26 |     const productImage = page.locator('[data-testid="product-image"]').first();
    > 27 |     await expect(productImage).toBeVisible();
         |                                ^
      28 |     
      29 |     const src = await productImage.getAttribute('src');
      30 |     expect(src).toBeTruthy();
        at /Users/dwerner/Repos/bartezen/amplicalcados/tests/e2e/products.spec.ts:27:32

    attachment #1: screenshot (image/png) ──────────────────────────────────────────────────────────
    ../../test-results/products-Produtos-deve-exibir-imagem-do-produto-chromium/test-failed-1.png
    ────────────────────────────────────────────────────────────────────────────────────────────────

    attachment #2: video (video/webm) ──────────────────────────────────────────────────────────────
    ../../test-results/products-Produtos-deve-exibir-imagem-do-produto-chromium/video.webm
    ────────────────────────────────────────────────────────────────────────────────────────────────

    Error Context: ../../test-results/products-Produtos-deve-exibir-imagem-do-produto-chromium/error-context.md
]]>
</failure>
<system-out>
<![CDATA[
[[ATTACHMENT|products-Produtos-deve-exibir-imagem-do-produto-chromium/test-failed-1.png]]

[[ATTACHMENT|products-Produtos-deve-exibir-imagem-do-produto-chromium/video.webm]]

[[ATTACHMENT|products-Produtos-deve-exibir-imagem-do-produto-chromium/error-context.md]]
]]>
</system-out>
</testcase>
<testcase name="Produtos › deve exibir opções de cores do produto" classname="products.spec.ts" time="6.362">
<failure message="products.spec.ts:33:3 deve exibir opções de cores do produto" type="FAILURE">
<![CDATA[  [chromium] › products.spec.ts:33:3 › Produtos › deve exibir opções de cores do produto ───────────

    Error: expect(locator).toBeVisible() failed

    Locator:  locator('.color-dot').first()
    Expected: visible
    Received: <element(s) not found>
    Timeout:  5000ms

    Call log:
      - Expect "toBeVisible" with timeout 5000ms
      - waiting for locator('.color-dot').first()


      33 |   test('deve exibir opções de cores do produto', async ({ page }) => {
      34 |     const colorDots = page.locator('.color-dot');
    > 35 |     await expect(colorDots.first()).toBeVisible();
         |                                     ^
      36 |   });
      37 |
      38 |   test('deve ter botão "Adicionar ao Carrinho"', async ({ page }) => {
        at /Users/dwerner/Repos/bartezen/amplicalcados/tests/e2e/products.spec.ts:35:37

    attachment #1: screenshot (image/png) ──────────────────────────────────────────────────────────
    ../../test-results/products-Produtos-deve-exibir-opções-de-cores-do-produto-chromium/test-failed-1.png
    ────────────────────────────────────────────────────────────────────────────────────────────────

    attachment #2: video (video/webm) ──────────────────────────────────────────────────────────────
    ../../test-results/products-Produtos-deve-exibir-opções-de-cores-do-produto-chromium/video.webm
    ────────────────────────────────────────────────────────────────────────────────────────────────

    Error Context: ../../test-results/products-Produtos-deve-exibir-opções-de-cores-do-produto-chromium/error-context.md
]]>
</failure>
<system-out>
<![CDATA[
[[ATTACHMENT|products-Produtos-deve-exibir-opções-de-cores-do-produto-chromium/test-failed-1.png]]

[[ATTACHMENT|products-Produtos-deve-exibir-opções-de-cores-do-produto-chromium/video.webm]]

[[ATTACHMENT|products-Produtos-deve-exibir-opções-de-cores-do-produto-chromium/error-context.md]]
]]>
</system-out>
</testcase>
<testcase name="Produtos › deve ter botão &quot;Adicionar ao Carrinho&quot;" classname="products.spec.ts" time="6.308">
<failure message="products.spec.ts:38:3 deve ter botão &quot;Adicionar ao Carrinho&quot;" type="FAILURE">
<![CDATA[  [chromium] › products.spec.ts:38:3 › Produtos › deve ter botão "Adicionar ao Carrinho" ───────────

    Error: expect(locator).toBeVisible() failed

    Locator:  locator('[data-testid="add-to-cart-button"]').first()
    Expected: visible
    Received: <element(s) not found>
    Timeout:  5000ms

    Call log:
      - Expect "toBeVisible" with timeout 5000ms
      - waiting for locator('[data-testid="add-to-cart-button"]').first()


      38 |   test('deve ter botão "Adicionar ao Carrinho"', async ({ page }) => {
      39 |     const addToCartButton = page.locator('[data-testid="add-to-cart-button"]').first();
    > 40 |     await expect(addToCartButton).toBeVisible();
         |                                   ^
      41 |     await expect(addToCartButton).toHaveText('Adicionar ao Carrinho');
      42 |   });
      43 |
        at /Users/dwerner/Repos/bartezen/amplicalcados/tests/e2e/products.spec.ts:40:35

    attachment #1: screenshot (image/png) ──────────────────────────────────────────────────────────
    ../../test-results/products-Produtos-deve-ter-botão-Adicionar-ao-Carrinho--chromium/test-failed-1.png
    ────────────────────────────────────────────────────────────────────────────────────────────────

    attachment #2: video (video/webm) ──────────────────────────────────────────────────────────────
    ../../test-results/products-Produtos-deve-ter-botão-Adicionar-ao-Carrinho--chromium/video.webm
    ────────────────────────────────────────────────────────────────────────────────────────────────

    Error Context: ../../test-results/products-Produtos-deve-ter-botão-Adicionar-ao-Carrinho--chromium/error-context.md
]]>
</failure>
<system-out>
<![CDATA[
[[ATTACHMENT|products-Produtos-deve-ter-botão-Adicionar-ao-Carrinho--chromium/test-failed-1.png]]

[[ATTACHMENT|products-Produtos-deve-ter-botão-Adicionar-ao-Carrinho--chromium/video.webm]]

[[ATTACHMENT|products-Produtos-deve-ter-botão-Adicionar-ao-Carrinho--chromium/error-context.md]]
]]>
</system-out>
</testcase>
<testcase name="Produtos › deve ter botão de wishlist" classname="products.spec.ts" time="6.325">
<failure message="products.spec.ts:44:3 deve ter botão de wishlist" type="FAILURE">
<![CDATA[  [chromium] › products.spec.ts:44:3 › Produtos › deve ter botão de wishlist ───────────────────────

    Error: expect(locator).toBeVisible() failed

    Locator:  locator('[data-testid="wishlist-button"]').first()
    Expected: visible
    Received: <element(s) not found>
    Timeout:  5000ms

    Call log:
      - Expect "toBeVisible" with timeout 5000ms
      - waiting for locator('[data-testid="wishlist-button"]').first()


      44 |   test('deve ter botão de wishlist', async ({ page }) => {
      45 |     const wishlistButton = page.locator('[data-testid="wishlist-button"]').first();
    > 46 |     await expect(wishlistButton).toBeVisible();
         |                                  ^
      47 |   });
      48 |
      49 |   test('deve ter botão "Ver Detalhes"', async ({ page }) => {
        at /Users/dwerner/Repos/bartezen/amplicalcados/tests/e2e/products.spec.ts:46:34

    attachment #1: screenshot (image/png) ──────────────────────────────────────────────────────────
    ../../test-results/products-Produtos-deve-ter-botão-de-wishlist-chromium/test-failed-1.png
    ────────────────────────────────────────────────────────────────────────────────────────────────

    attachment #2: video (video/webm) ──────────────────────────────────────────────────────────────
    ../../test-results/products-Produtos-deve-ter-botão-de-wishlist-chromium/video.webm
    ────────────────────────────────────────────────────────────────────────────────────────────────

    Error Context: ../../test-results/products-Produtos-deve-ter-botão-de-wishlist-chromium/error-context.md
]]>
</failure>
<system-out>
<![CDATA[
[[ATTACHMENT|products-Produtos-deve-ter-botão-de-wishlist-chromium/test-failed-1.png]]

[[ATTACHMENT|products-Produtos-deve-ter-botão-de-wishlist-chromium/video.webm]]

[[ATTACHMENT|products-Produtos-deve-ter-botão-de-wishlist-chromium/error-context.md]]
]]>
</system-out>
</testcase>
<testcase name="Produtos › deve ter botão &quot;Ver Detalhes&quot;" classname="products.spec.ts" time="6.798">
<failure message="products.spec.ts:49:3 deve ter botão &quot;Ver Detalhes&quot;" type="FAILURE">
<![CDATA[  [chromium] › products.spec.ts:49:3 › Produtos › deve ter botão "Ver Detalhes" ────────────────────

    Error: expect(locator).toBeVisible() failed

    Locator:  locator('[data-testid="quick-view-button"]').first()
    Expected: visible
    Received: <element(s) not found>
    Timeout:  5000ms

    Call log:
      - Expect "toBeVisible" with timeout 5000ms
      - waiting for locator('[data-testid="quick-view-button"]').first()


      49 |   test('deve ter botão "Ver Detalhes"', async ({ page }) => {
      50 |     const quickViewButton = page.locator('[data-testid="quick-view-button"]').first();
    > 51 |     await expect(quickViewButton).toBeVisible();
         |                                   ^
      52 |     await expect(quickViewButton).toHaveText('Ver Detalhes');
      53 |   });
      54 |
        at /Users/dwerner/Repos/bartezen/amplicalcados/tests/e2e/products.spec.ts:51:35

    attachment #1: screenshot (image/png) ──────────────────────────────────────────────────────────
    ../../test-results/products-Produtos-deve-ter-botão-Ver-Detalhes--chromium/test-failed-1.png
    ────────────────────────────────────────────────────────────────────────────────────────────────

    attachment #2: video (video/webm) ──────────────────────────────────────────────────────────────
    ../../test-results/products-Produtos-deve-ter-botão-Ver-Detalhes--chromium/video.webm
    ────────────────────────────────────────────────────────────────────────────────────────────────

    Error Context: ../../test-results/products-Produtos-deve-ter-botão-Ver-Detalhes--chromium/error-context.md
]]>
</failure>
<system-out>
<![CDATA[
[[ATTACHMENT|products-Produtos-deve-ter-botão-Ver-Detalhes--chromium/test-failed-1.png]]

[[ATTACHMENT|products-Produtos-deve-ter-botão-Ver-Detalhes--chromium/video.webm]]

[[ATTACHMENT|products-Produtos-deve-ter-botão-Ver-Detalhes--chromium/error-context.md]]
]]>
</system-out>
</testcase>
<testcase name="Produtos › deve abrir modal de produto ao clicar em &quot;Ver Detalhes&quot;" classname="products.spec.ts" time="30.162">
<failure message="products.spec.ts:55:3 deve abrir modal de produto ao clicar em &quot;Ver Detalhes&quot;" type="FAILURE">
<![CDATA[  [chromium] › products.spec.ts:55:3 › Produtos › deve abrir modal de produto ao clicar em "Ver Detalhes" 

    Test timeout of 30000ms exceeded.

    Error: page.click: Test timeout of 30000ms exceeded.
    Call log:
      - waiting for locator('[data-testid="quick-view-button"]')


      54 |
      55 |   test('deve abrir modal de produto ao clicar em "Ver Detalhes"', async ({ page }) => {
    > 56 |     await page.click('[data-testid="quick-view-button"]');
         |                ^
      57 |     
      58 |     await expect(page.locator('.product-modal')).toBeVisible();
      59 |     await expect(page.locator('[data-testid="product-name"]')).toBeVisible();
        at /Users/dwerner/Repos/bartezen/amplicalcados/tests/e2e/products.spec.ts:56:16

    attachment #1: screenshot (image/png) ──────────────────────────────────────────────────────────
    ../../test-results/products-Produtos-deve-abr-f2541--ao-clicar-em-Ver-Detalhes--chromium/test-failed-1.png
    ────────────────────────────────────────────────────────────────────────────────────────────────

    attachment #2: video (video/webm) ──────────────────────────────────────────────────────────────
    ../../test-results/products-Produtos-deve-abr-f2541--ao-clicar-em-Ver-Detalhes--chromium/video.webm
    ────────────────────────────────────────────────────────────────────────────────────────────────

    Error Context: ../../test-results/products-Produtos-deve-abr-f2541--ao-clicar-em-Ver-Detalhes--chromium/error-context.md
]]>
</failure>
<system-out>
<![CDATA[
[[ATTACHMENT|products-Produtos-deve-abr-f2541--ao-clicar-em-Ver-Detalhes--chromium/test-failed-1.png]]

[[ATTACHMENT|products-Produtos-deve-abr-f2541--ao-clicar-em-Ver-Detalhes--chromium/video.webm]]

[[ATTACHMENT|products-Produtos-deve-abr-f2541--ao-clicar-em-Ver-Detalhes--chromium/error-context.md]]
]]>
</system-out>
</testcase>
<testcase name="Produtos › deve exibir funcionalidade de ordenação" classname="products.spec.ts" time="6.893">
<failure message="products.spec.ts:62:3 deve exibir funcionalidade de ordenação" type="FAILURE">
<![CDATA[  [chromium] › products.spec.ts:62:3 › Produtos › deve exibir funcionalidade de ordenação ──────────

    Error: expect(locator).toBeVisible() failed

    Locator:  locator('[data-testid="sort-select"]')
    Expected: visible
    Received: <element(s) not found>
    Timeout:  5000ms

    Call log:
      - Expect "toBeVisible" with timeout 5000ms
      - waiting for locator('[data-testid="sort-select"]')


      62 |   test('deve exibir funcionalidade de ordenação', async ({ page }) => {
      63 |     const sortSelect = page.locator('[data-testid="sort-select"]');
    > 64 |     await expect(sortSelect).toBeVisible();
         |                              ^
      65 |     
      66 |     // Verificar opções de ordenação
      67 |     await expect(sortSelect.locator('option[value="name"]')).toBeVisible();
        at /Users/dwerner/Repos/bartezen/amplicalcados/tests/e2e/products.spec.ts:64:30

    attachment #1: screenshot (image/png) ──────────────────────────────────────────────────────────
    ../../test-results/products-Produtos-deve-exibir-funcionalidade-de-ordenação-chromium/test-failed-1.png
    ────────────────────────────────────────────────────────────────────────────────────────────────

    attachment #2: video (video/webm) ──────────────────────────────────────────────────────────────
    ../../test-results/products-Produtos-deve-exibir-funcionalidade-de-ordenação-chromium/video.webm
    ────────────────────────────────────────────────────────────────────────────────────────────────

    Error Context: ../../test-results/products-Produtos-deve-exibir-funcionalidade-de-ordenação-chromium/error-context.md
]]>
</failure>
<system-out>
<![CDATA[
[[ATTACHMENT|products-Produtos-deve-exibir-funcionalidade-de-ordenação-chromium/test-failed-1.png]]

[[ATTACHMENT|products-Produtos-deve-exibir-funcionalidade-de-ordenação-chromium/video.webm]]

[[ATTACHMENT|products-Produtos-deve-exibir-funcionalidade-de-ordenação-chromium/error-context.md]]
]]>
</system-out>
</testcase>
<testcase name="Produtos › deve ordenar produtos por nome" classname="products.spec.ts" time="30.278">
<failure message="products.spec.ts:72:3 deve ordenar produtos por nome" type="FAILURE">
<![CDATA[  [chromium] › products.spec.ts:72:3 › Produtos › deve ordenar produtos por nome ───────────────────

    Test timeout of 30000ms exceeded.

    Error: locator.selectOption: Test timeout of 30000ms exceeded.
    Call log:
      - waiting for locator('[data-testid="sort-select"]')


      72 |   test('deve ordenar produtos por nome', async ({ page }) => {
      73 |     const sortSelect = page.locator('[data-testid="sort-select"]');
    > 74 |     await sortSelect.selectOption('name');
         |                      ^
      75 |     
      76 |     // Aguardar reordenação
      77 |     await page.waitForTimeout(1000);
        at /Users/dwerner/Repos/bartezen/amplicalcados/tests/e2e/products.spec.ts:74:22

    attachment #1: screenshot (image/png) ──────────────────────────────────────────────────────────
    ../../test-results/products-Produtos-deve-ordenar-produtos-por-nome-chromium/test-failed-1.png
    ────────────────────────────────────────────────────────────────────────────────────────────────

    attachment #2: video (video/webm) ──────────────────────────────────────────────────────────────
    ../../test-results/products-Produtos-deve-ordenar-produtos-por-nome-chromium/video.webm
    ────────────────────────────────────────────────────────────────────────────────────────────────

    Error Context: ../../test-results/products-Produtos-deve-ordenar-produtos-por-nome-chromium/error-context.md
]]>
</failure>
<system-out>
<![CDATA[
[[ATTACHMENT|products-Produtos-deve-ordenar-produtos-por-nome-chromium/test-failed-1.png]]

[[ATTACHMENT|products-Produtos-deve-ordenar-produtos-por-nome-chromium/video.webm]]

[[ATTACHMENT|products-Produtos-deve-ordenar-produtos-por-nome-chromium/error-context.md]]
]]>
</system-out>
</testcase>
<testcase name="Produtos › deve ordenar produtos por preço" classname="products.spec.ts" time="30.192">
<failure message="products.spec.ts:86:3 deve ordenar produtos por preço" type="FAILURE">
<![CDATA[  [chromium] › products.spec.ts:86:3 › Produtos › deve ordenar produtos por preço ──────────────────

    Test timeout of 30000ms exceeded.

    Error: locator.selectOption: Test timeout of 30000ms exceeded.
    Call log:
      - waiting for locator('[data-testid="sort-select"]')


      86 |   test('deve ordenar produtos por preço', async ({ page }) => {
      87 |     const sortSelect = page.locator('[data-testid="sort-select"]');
    > 88 |     await sortSelect.selectOption('price');
         |                      ^
      89 |     
      90 |     // Aguardar reordenação
      91 |     await page.waitForTimeout(1000);
        at /Users/dwerner/Repos/bartezen/amplicalcados/tests/e2e/products.spec.ts:88:22

    attachment #1: screenshot (image/png) ──────────────────────────────────────────────────────────
    ../../test-results/products-Produtos-deve-ordenar-produtos-por-preço-chromium/test-failed-1.png
    ────────────────────────────────────────────────────────────────────────────────────────────────

    attachment #2: video (video/webm) ──────────────────────────────────────────────────────────────
    ../../test-results/products-Produtos-deve-ordenar-produtos-por-preço-chromium/video.webm
    ────────────────────────────────────────────────────────────────────────────────────────────────

    Error Context: ../../test-results/products-Produtos-deve-ordenar-produtos-por-preço-chromium/error-context.md
]]>
</failure>
<system-out>
<![CDATA[
[[ATTACHMENT|products-Produtos-deve-ordenar-produtos-por-preço-chromium/test-failed-1.png]]

[[ATTACHMENT|products-Produtos-deve-ordenar-produtos-por-preço-chromium/video.webm]]

[[ATTACHMENT|products-Produtos-deve-ordenar-produtos-por-preço-chromium/error-context.md]]
]]>
</system-out>
</testcase>
<testcase name="Produtos › deve exibir mensagem quando não há produtos" classname="products.spec.ts" time="1.402">
</testcase>
<testcase name="Produtos › deve navegar para página de produtos" classname="products.spec.ts" time="30.119">
<failure message="products.spec.ts:115:3 deve navegar para página de produtos" type="FAILURE">
<![CDATA[  [chromium] › products.spec.ts:115:3 › Produtos › deve navegar para página de produtos ────────────

    Test timeout of 30000ms exceeded.

    Error: page.click: Test timeout of 30000ms exceeded.
    Call log:
      - waiting for locator('a[href="/produtos"]')


      114 |
      115 |   test('deve navegar para página de produtos', async ({ page }) => {
    > 116 |     await page.click('a[href="/produtos"]');
          |                ^
      117 |     
      118 |     await expect(page).toHaveURL(/.*produtos/);
      119 |   });
        at /Users/dwerner/Repos/bartezen/amplicalcados/tests/e2e/products.spec.ts:116:16

    attachment #1: screenshot (image/png) ──────────────────────────────────────────────────────────
    ../../test-results/products-Produtos-deve-navegar-para-página-de-produtos-chromium/test-failed-1.png
    ────────────────────────────────────────────────────────────────────────────────────────────────

    attachment #2: video (video/webm) ──────────────────────────────────────────────────────────────
    ../../test-results/products-Produtos-deve-navegar-para-página-de-produtos-chromium/video.webm
    ────────────────────────────────────────────────────────────────────────────────────────────────

    Error Context: ../../test-results/products-Produtos-deve-navegar-para-página-de-produtos-chromium/error-context.md
]]>
</failure>
<system-out>
<![CDATA[
[[ATTACHMENT|products-Produtos-deve-navegar-para-página-de-produtos-chromium/test-failed-1.png]]

[[ATTACHMENT|products-Produtos-deve-navegar-para-página-de-produtos-chromium/video.webm]]

[[ATTACHMENT|products-Produtos-deve-navegar-para-página-de-produtos-chromium/error-context.md]]
]]>
</system-out>
</testcase>
<testcase name="Produtos › deve exibir preços formatados corretamente" classname="products.spec.ts" time="30.115">
<failure message="products.spec.ts:121:3 deve exibir preços formatados corretamente" type="FAILURE">
<![CDATA[  [chromium] › products.spec.ts:121:3 › Produtos › deve exibir preços formatados corretamente ──────

    Test timeout of 30000ms exceeded.

    Error: locator.textContent: Test timeout of 30000ms exceeded.
    Call log:
      - waiting for locator('[data-testid="product-price"]').first()


      121 |   test('deve exibir preços formatados corretamente', async ({ page }) => {
      122 |     const productPrices = page.locator('[data-testid="product-price"]');
    > 123 |     const firstPrice = await productPrices.first().textContent();
          |                                                    ^
      124 |     
      125 |     // Verificar se o preço está no formato R$ X,XX
      126 |     expect(firstPrice).toMatch(/R\$\s*\d+,\d{2}/);
        at /Users/dwerner/Repos/bartezen/amplicalcados/tests/e2e/products.spec.ts:123:52

    attachment #1: screenshot (image/png) ──────────────────────────────────────────────────────────
    ../../test-results/products-Produtos-deve-exibir-preços-formatados-corretamente-chromium/test-failed-1.png
    ────────────────────────────────────────────────────────────────────────────────────────────────

    attachment #2: video (video/webm) ──────────────────────────────────────────────────────────────
    ../../test-results/products-Produtos-deve-exibir-preços-formatados-corretamente-chromium/video.webm
    ────────────────────────────────────────────────────────────────────────────────────────────────

    Error Context: ../../test-results/products-Produtos-deve-exibir-preços-formatados-corretamente-chromium/error-context.md
]]>
</failure>
<system-out>
<![CDATA[
[[ATTACHMENT|products-Produtos-deve-exibir-preços-formatados-corretamente-chromium/test-failed-1.png]]

[[ATTACHMENT|products-Produtos-deve-exibir-preços-formatados-corretamente-chromium/video.webm]]

[[ATTACHMENT|products-Produtos-deve-exibir-preços-formatados-corretamente-chromium/error-context.md]]
]]>
</system-out>
</testcase>
<testcase name="Produtos › deve ter estrutura responsiva" classname="products.spec.ts" time="6.365">
<failure message="products.spec.ts:129:3 deve ter estrutura responsiva" type="FAILURE">
<![CDATA[  [chromium] › products.spec.ts:129:3 › Produtos › deve ter estrutura responsiva ───────────────────

    Error: expect(locator).toBeVisible() failed

    Locator:  locator('[data-testid="products-grid"]')
    Expected: visible
    Received: <element(s) not found>
    Timeout:  5000ms

    Call log:
      - Expect "toBeVisible" with timeout 5000ms
      - waiting for locator('[data-testid="products-grid"]')


      130 |     // Testar em diferentes tamanhos de tela
      131 |     await page.setViewportSize({ width: 375, height: 667 }); // Mobile
    > 132 |     await expect(page.locator('[data-testid="products-grid"]')).toBeVisible();
          |                                                                 ^
      133 |     
      134 |     await page.setViewportSize({ width: 1024, height: 768 }); // Desktop
      135 |     await expect(page.locator('[data-testid="products-grid"]')).toBeVisible();
        at /Users/dwerner/Repos/bartezen/amplicalcados/tests/e2e/products.spec.ts:132:65

    attachment #1: screenshot (image/png) ──────────────────────────────────────────────────────────
    ../../test-results/products-Produtos-deve-ter-estrutura-responsiva-chromium/test-failed-1.png
    ────────────────────────────────────────────────────────────────────────────────────────────────

    attachment #2: video (video/webm) ──────────────────────────────────────────────────────────────
    ../../test-results/products-Produtos-deve-ter-estrutura-responsiva-chromium/video.webm
    ────────────────────────────────────────────────────────────────────────────────────────────────

    Error Context: ../../test-results/products-Produtos-deve-ter-estrutura-responsiva-chromium/error-context.md
]]>
</failure>
<system-out>
<![CDATA[
[[ATTACHMENT|products-Produtos-deve-ter-estrutura-responsiva-chromium/test-failed-1.png]]

[[ATTACHMENT|products-Produtos-deve-ter-estrutura-responsiva-chromium/video.webm]]

[[ATTACHMENT|products-Produtos-deve-ter-estrutura-responsiva-chromium/error-context.md]]
]]>
</system-out>
</testcase>
</testsuite>
</testsuites>